A, 0x6947, 0x69A8, 0xC472, 0xD534, 0xA4F5, 0xA63B, 0x9E1B, 0x9E1B, 0x9E1B, 0x9E1B, 0x9E1B, 0x9E1B, 0x9E1B, 0xA61B, 0xA61B, 0xA61B, 0xA61B, 0xA61B, 0xA61B, 0xA61B, 0xA61B, 0xA63B, 0xA61B, 0x6BF1, 0x2924, 
        0x49A6, 0x2945, 0x41C7, 0x3986, 0x3165, 0x5269, 0x5A69, 0x49E7, 0x6289, 0x836B, 0x7B4B, 0xAC6E, 0xA44D, 0x8B8B, 0x5A68, 0x2944, 0x49E6, 0x6268, 0x6248, 0x72C9, 0x72E9, 0x6A88, 0x72C9, 0x6268, 0x72C9, 0x72C9, 0x6288, 0x6A88, 0x6A88, 0x5207, 
        0x5A27, 0x49C5, 0x5206, 0x6A88, 0x6A88, 0x6A67, 0x6A87, 0x6247, 0x72C9, 0x6AA8, 0x72C9, 0x7B29, 0x8B4A, 0x834A, 0x8B8B, 0x93CC, 0x9C0D, 0x93CC, 0x93CC, 0x9BCC, 0x8B6A, 0x8B8B, 0x8B8B, 0x93AB, 0x9BEC, 0x8329, 0x6A88, 0x5A26, 0x3124, 0x5A47, 
        0x72E9, 0x72C9, 0x72C9, 0xA42D, 0xA42D, 0x93CC, 0x9BEC, 0x7B09, 0x834A, 0xA40C, 0x93CC, 0x5A27, 0x7B09, 0x834A, 0x7B09, 0x832A, 0x8B6B, 0x7AE9, 0x72C9, 0x72E9, 0x832A, 0x8B6B, 0x834A, 0x836B, 0x93AC, 0x93AB, 0x93AB, 0x9BEC, 0xAC2D, 0x9C0C, 
        0xA42D, 0xB4F0, 0xBCF0, 0xC551, 0xC551, 0xB4F0, 0xBD10, 0xC550, 0xBCCF, 0x8B8B, 0x834A, 0xC551, 0xD5D3, 0xEEB6, 0xE675, 0x93AC, 0x9C2D, 0x938A, 0x8C50, 0x9DD9, 0x9E3B, 0x9E1B, 0x9E1B, 0x9E1B, 0x9E1A, 0x9E1A, 0x9E1A, 0x9E1A, 0x9E1A, 0x9E1A, 
        0x9E1A, 0x9E1A, 0x9E1A, 0x9E1A, 0x9E1A, 0x9E1A, 0x9E1A, 0x9E1A, 0x9E1A, 0x9E1A, 0x9E1A, 0x9E1A, 0x9E1A, 0x9E1A, 0x9E1A, 0x9E1B, 0x9E1A, 0x7B8F, 0x728A, 0xD4D3, 0xE2ED, 0xBE19, 0x961B, 0x9DFA, 0x9DFA, 0x9DFA, 0x9DFA, 0x9DFA, 0x9DFA, 0x9DFA, 
        0x9DFA, 0x9DFA, 0x9DFA, 0x9DFA, 0x9DFA, 0x9DFA, 0x9DFA, 0x9DFA, 0x9DFA, 0x9DFA, 0x9DFA, 0x9DFA, 0x9DFA, 0x9DFA, 0x9DFA, 0x9DFA, 0x9DFA, 0x9DFA, 0x9DFA, 0x9DFA, 0x9DFA, 0x9DFA, 0x9DFA, 0x9DFA, 0x9DFA, 0x9DFA, 0x9DFA, 0x9DFA, 0x9DFA, 0x9DFA, 
        0x9DFA, 0x9DFA, 0x9DFA, 0x9DFA, 0x9DFA, 0x9DFA, 0x9DFA, 0x9DFA, 0x9DFA, 0x9DFA, 0x9DFA, 0x9DFA, 0x9DFA, 0x9DFA, 0x9DFA, 0x9DFA, 0x9DFA, 0x9DFA, 0x9DFA, 0x9DFA, 0x9DFA, 0x9DFA, 0x95FA, 0x9DFA, 0x9DFA, 0x95FA, 0x95FA, 0x95FA, 0x95FA, 0x95DA, 
        0x95DA, 0x95DA, 0x95DA, 0x95DA, 0x95DA, 0x95DA, 0x95DA, 0x95DA, 0x95DA, 0x95DA, 0x95DA, 0x95DA, 0x95DA, 0x95DA, 0x95DA, 0x95DA, 0x95DA, 0x95DA, 0x95DA, 0x95DA, 0x95DA, 0x95DA, 0x95DA, 0x95DA, 0x95DA, 0x95DA, 0x95DA, 0x95DA, 0x95DA, 0x95DA, 
        0x95DA, 0x95DA, 0x95DA, 0x95DA, 0x95DA, 0x95DA, 0x95DA, 0x95DA, 0x95DA, 0x95DA, 0x95DA, 0x95DA, 0x95DA, 0x95DA, 0x95DA, 0x95DA, 0x95DA, 0x95DA, 0x95DA, 0x95DA, 0x95DA, 0x95DA, 0x95DA, 0x95DA, 0x95D9, 0x95D9, 0x95D9, 0x95D9, 0x95DA, 0x95DA, 
        0x95D9, 0x95D9, 0x95D9, 0x95DA, 0x95DA, 0x95DA, 0x95D9, 0x95D9, 0x95D9, 0x95D9, 0x95D9, 0x95D9, 0x95B9, 0x95B9, 0x95D9, 0x95D9, 0x95B9, 0x95B9, 0x95D9, 0x95D9, 0x95D9, 0x95D9, 0x95D9, 0x95D9, 0x95D9, 0x95D9, 0x95D9, 0x95B9, 0x95B9,
  0xA61A, 0xA61A, 0xA61A, 0xA61A, 0xA61A, 0xA61A, 0xA61A, 0xA61A, 0xA61A, 0xA61A, 0xA61A, 0xA61A, 0xA61A, 0xA61A, 0xA61A, 0xA61A, 0xA61A, 0xA61A, 0xA61A, 0xA61A, 0xA61A, 0xA61A, 0xA61A, 0xA61A, 0xA61A, 0xA61A, 0xA61A, 0xA61A, 0xA61A, 0xA61A, 0xA61B, 
        0xA61B, 0xA61B, 0xA61A, 0xA61A, 0xA61B, 0xA61B, 0xA61B, 0xA61A, 0xA61A, 0xA61B, 0xA61A, 0xA61A, 0xA61B, 0xA61B, 0xA61B, 0xA61B, 0xA61B, 0xA61B, 0xA61B, 0xA61A, 0xA61B, 0xA61B, 0xA61A, 0xA61B, 0xA61B, 0xA61B, 0xA61B, 0xA61B, 0xA61B, 0xA61B, 
        0xA61A, 0xA61B, 0xA61B, 0xA61B, 0xA61B, 0xA61B, 0xA61B, 0xA61B, 0xA61B, 0xA61B, 0xA61B, 0xA61B, 0xA61B, 0x9DD9, 0xB554, 0xEED8, 0xF739, 0xF75A, 0xF75A, 0xF73A, 0xB63A, 0x9E1A, 0xA61A, 0xA61B, 0xA61B, 0xA61B, 0xA61B, 0xA61B, 0xA61B, 0xA61B, 
        0xA61B, 0xA61B, 0xA61B, 0xA61B, 0xA61B, 0xA61B, 0xA61B, 0xA61B, 0xA61B, 0xA61B, 0xA61B, 0xA61B, 0xA61B, 0x9E1B, 0x9E1B, 0xA61B, 0xA61B, 0xA61B, 0x9E1B, 0x9E1B, 0xA61B, 0xA61B, 0x9E1B, 0x9E1B, 0xA61B, 0xA61B, 0x9E1B, 0xA61B, 0xA61B, 0xA61B, 
        0xA61B, 0xA61B, 0xA61B, 0xA61B, 0xA61B, 0xA61B, 0xA61B, 0xA61B, 0x9E1B, 0x9E1B, 0xA61B, 0xA61B, 0xA61B, 0xA61B, 0xA61B, 0xA61B, 0xA61B, 0xA61B, 0xA61B, 0xA61B, 0xA61B, 0xA61B, 0x9E1B, 0x9E1B, 0xA61B, 0xA61B, 0xA61B, 0xA63B, 0x9DD8, 0xA4F3, 
        0xAC92, 0xB30E, 0xC514, 0x8BD0, 0x9A4B, 0x9A8C, 0xA451, 0x930D, 0xD4B2, 0xBDB7, 0x9E3B, 0xA61B, 0xA61B, 0xA61B, 0x9E1B, 0xA61B, 0xA61B, 0xA61B, 0xA61B, 0xA61B, 0xA61B, 0xA61B, 0xA61B, 0xA61B, 0xA61B, 0xA63B, 0xA65B, 0x52CB, 0x18A2, 0x4A07, 
        0x49E7, 0x2945, 0x41E7, 0x3986, 0x2945, 0x4A07, 0x62A9, 0x7B0A, 0x730A, 0x6AC9, 0x6289, 0x6AA9, 0x6288, 0x6268, 0x6288, 0x6268, 0x72C9, 0x6AA9, 0x6247, 0x4185, 0x3965, 0x49E6, 0x49E6, 0x3144, 0x2924, 0x2924, 0x3124, 0x41A5, 0x5206, 0x5A27, 
        0x49C6, 0x41C5, 0x5206, 0x6AA8, 0x8BAB, 0x93EC, 0x93CC, 0x9BED, 0xA46E, 0xAC8F, 0xAC8E, 0xB4F0, 0xC531, 0xBD11, 0xBD11, 0xBD10, 0xBD31, 0xBD10, 0xB48E, 0xAC6D, 0xAC6E, 0xB4AF, 0xC531, 0xCD92, 0xCD92, 0xBCF0, 0xAC8E, 0x7B2A, 0x18A3, 0x5227, 
        0x836A, 0x8BAB, 0x93AB, 0xAC6D, 0xB4AE, 0xCD72, 0xCD72, 0xAC6D, 0xC551, 0xCD92, 0x9C0D, 0x3144, 0x93CC, 0xB4AF, 0xA40D, 0x9C0D, 0x93EC, 0x8B8B, 0xBCCE, 0xA42C, 0x834A, 0xB4AF, 0xB4AE, 0xA42D, 0x9BEC, 0xA44E, 0x9C0C, 0x938B, 0x938B, 0x9BCC, 
        0x93CC, 0x8B8B, 0x832A, 0x834A, 0x832A, 0x832A, 0x834A, 0x93AC, 0x93CB, 0x7B29, 0x72E9, 0xA42D, 0xAC8F, 0xCD92, 0xDE35, 0x93EC, 0xBCEF, 0xAC6D, 0x938A, 0x83AD, 0x9E1A, 0x9E1B, 0x9E1B, 0x9E1B, 0x9E1B, 0x9E1B, 0x9E1A, 0x9E1A, 0x9E1A, 0x9E1A, 
        0x9E1A, 0x9E1A, 0x9E1A, 0x9E1A, 0x9E1A, 0x9E1A, 0x9DFA, 0x9DFA, 0x9E1A, 0x9E1A, 0x9E1A, 0x9E1A, 0x9E1A, 0x9E1B, 0x9E1B, 0x9E1B, 0x9DFA, 0x7B2E, 0x72AB, 0xBD34, 0xF6B9, 0xE6FB, 0xA63B, 0x9E1B, 0x9DFA, 0x9DFA, 0x9DFA, 0x9DFA, 0x9DFA, 0x9DFA, 
        0x9DFA, 0x9DFA, 0x9DFA, 0x9DFA, 0x9DFA, 0x9DFA, 0x9DFA, 0x9DFA, 0x9DFA, 0x9DFA, 0x9DFA, 0x9DFA, 0x9DFA, 0x9DFA, 0x9DFA, 0x9DFA, 0x9DFA, 0x9DFA, 0x9DFA, 0x9DFA, 0x9DFA, 0x9DFA, 0x9DFA, 0x9DFA, 0x9DFA, 0x9DFA, 0x9DFA, 0x9DFA, 0x9DFA, 0x9DFA, 
        0x9DFA, 0x9DFA, 0x9DFA, 0x9DFA, 0x9DFA, 0x9DFA, 0x9DFA, 0x9DFA, 0x9DFA, 0x9DFA, 0x9DFA, 0x9DFA, 0x9DFA, 0x9DFA, 0x9DFA, 0x9DFA, 0x9DFA, 0x9DFA, 0x9DFA, 0x9DFA, 0x9DFA, 0x9DFA, 0x9DFA, 0x9DFA, 0x9DFA, 0x95FA, 0x95FA, 0x9DFA, 0x9DFA, 0x95DA, 
        0x95DA, 0x95DA, 0x95DA, 0x9DFA, 0x9DDA, 0x95DA, 0x95DA, 0x95DA, 0x95DA, 0x95DA, 0x95DA, 0x95DA, 0x95DA, 0x95DA, 0x95DA, 0x95DA, 0x95DA, 0x95DA, 0x95DA, 0x95DA, 0x95DA, 0x95DA, 0x95DA, 0x95DA, 0x95DA, 0x95DA, 0x95DA, 0x95DA, 0x95DA, 0x95DA, 
        0x95DA, 0x95DA, 0x95DA, 0x95DA, 0x95DA, 0x95DA, 0x95DA, 0x95DA, 0x95DA, 0x95DA, 0x95DA, 0x95DA, 0x95DA, 0x95DA, 0x95DA, 0x95DA, 0x95DA, 0x95D9, 0x95D9, 0x95DA, 0x95D9, 0x95DA, 0x95DA, 0x95DA, 0x95D9, 0x95D9, 0x95D9, 0x95D9, 0x95D9, 0x95DA, 
        0x95DA, 0x95D9, 0x95D9, 0x95D9, 0x95D9, 0x95D9, 0x95DA, 0x95D9, 0x95D9, 0x95B9, 0x95D9, 0x95DA, 0x95DA, 0x95DA, 0x95D9, 0x95D9, 0x95D9, 0x95D9, 0x95D9, 0x95D9, 0x95B9, 0x95B9, 0x95D9, 0x95D9, 0x95D9, 0x95D9, 0x95D9, 0x95B9, 0x95B9,
  0xA61A, 0xA61A, 0xA61A, 0xA61A, 0xA61A, 0xA61A, 0xA61A, 0xA61A, 0xA61A, 0xA61A, 0xA61A, 0xA61A, 0xA61A, 0xA61A, 0xA61A, 0xA61A, 0xA61A, 0xA61A, 0xA61A, 0xA61A, 0xA61A, 0xA61A, 0xA61A, 0xA61A, 0xA61A, 0xA61A, 0xA61A, 0xA61A, 0xA61A, 0xA61A, 0xA61A, 
        0xA61A, 0xA61A, 0xA61A, 0xA61A, 0xA61A, 0xA61A, 0xA61A, 0xA61A, 0xA61A, 0xA61A, 0xA61A, 0xA61B, 0xA61B, 0xA61B, 0xA61B, 0xA61B, 0xA61B, 0xA61A, 0xA61A, 0xA61A, 0xA61A, 0xA61A, 0xA61B, 0xA61B, 0xA61B, 0xA61B, 0xA61B, 0xA61B, 0xA61B, 0xA61B, 
        0xA61B, 