B, 0x9E1B, 0x9E1B, 0x9E1B, 0x9E1B, 0x9E1B, 0x9E1B, 0x9E1B, 0x9E1B, 0x9E1B, 0x9E1B, 0x9E1B, 0x9E1B, 0x9E1B, 0x9E1B, 
        0x9E1B, 0x9E1B, 0x9E1B, 0x9E1B, 0x9E1B, 0x9E1B, 0x9E1B, 0x9E1B, 0x9E1B, 0x9E1B, 0x9E1B, 0x9E1B, 0x9E1B, 0x9E1B, 0x9E1B, 0x9E1B, 0x9E1B, 0x9E1B, 0x9E1B, 0x9E1B, 0x9E1B, 0x9E1B, 0x9E1B, 0x9E1B, 0x9E1B, 0x9E1B, 0x9E1B, 0x9E3B, 0x9DF9, 0x9471, 
        0x8A4B, 0x8989, 0x6927, 0x9A6C, 0x72ED, 0x7ACD, 0x7ACD, 0x8A2B, 0xAD99, 0xA61B, 0x9E1B, 0x9E1B, 0x9E1B, 0x9E1B, 0x9E1B, 0x9E1B, 0x9E1B, 0x9E1B, 0x9E1B, 0x9E1B, 0x9E1B, 0x9E1B, 0x9E1B, 0x9E1B, 0x9E1B, 0x9DFB, 0x9DFB, 0x9E1B, 0x9E1B, 0xA65B, 
        0x63AF, 0x39E8, 0x2925, 0x18C4, 0x2946, 0x2946, 0x2925, 0x2945, 0x2945, 0x3166, 0x3986, 0x49E7, 0x5207, 0x5207, 0x49E7, 0x49C6, 0x5227, 0x6268, 0x5207, 0x49E6, 0x5A47, 0x5207, 0x6AA8, 0x72E9, 0x72E9, 0x49E6, 0x3165, 0x8BAC, 0x93CC, 0x72C9, 
        0x834A, 0x9C0C, 0xA44D, 0xA42C, 0xB4AE, 0xB4AE, 0xB4CF, 0xB4CF, 0xAC8F, 0xAC8F, 0xBCF0, 0xC572, 0xD5F4, 0xD5F4, 0xD5F5, 0xCDB3, 0xC530, 0xCD50, 0xD5B2, 0xCD92, 0xCD92, 0xD5B3, 0xDDF4, 0xDE34, 0xDDF4, 0xCD92, 0xCD72, 0xC551, 0xC530, 0xBCEF, 
        0x5A27, 0xCDB3, 0xE655, 0xD5D3, 0xC551, 0xC510, 0xC530, 0xCD71, 0xC552, 0xBD10, 0xC531, 0xD592, 0x8BAC, 0x8BAB, 0xC530, 0xBCCE, 0xAC6D, 0xA40C, 0xA40C, 0x9BEC, 0xA42C, 0xA44D, 0xB4AE, 0xB48D, 0xA40B, 0x8B28, 0x8B49, 0x8308, 0x9BCC, 0x938B, 
        0x8329, 0x8B4A, 0x832A, 0x832A, 0x8309, 0x7AC8, 0x7AC9, 0x8B0A, 0x6A06, 0x6A27, 0x82E9, 0x82E9, 0x7AC9, 0x72A9, 0x7AC9, 0x6A88, 0x5A27, 0x7C73, 0xA65C, 0x9E1B, 0x9E1B, 0x9DFB, 0x9DFB, 0x9DFB, 0x9DFB, 0x9DFB, 0x9DFB, 0x9DFB, 0x9DFB, 0x9DFA, 
        0x9DFA, 0x9DFB, 0x9DFA, 0x9DFA, 0x9DFA, 0x9DFA, 0x9DFA, 0x9DFA, 0x9DFA, 0x9DFA, 0x9DFA, 0x9DFA, 0x9DFA, 0x9DFB, 0x9DFB, 0x9E1B, 0x9DFB, 0x59E9, 0x6843, 0xCB2E, 0x9E3B, 0x9E1B, 0x9DFA, 0x9DFA, 0x9DFA, 0x9DFA, 0x9DFA, 0x9DFA, 0x9DFA, 0x9DFA, 
        0x9DFA, 0x9DFA, 0x9DFA, 0x9DFA, 0x9DFA, 0x9DFA, 0x9DFA, 0x9DFA, 0x9DFA, 0x9DFA, 0x9DFA, 0x9DFA, 0x9DFA, 0x95FA, 0x9DFA, 0x95FA, 0x95FA, 0x9DFA, 0x9DFA, 0x9DFA, 0x9DFA, 0x9DFA, 0x9DFA, 0x9DFA, 0x9DFA, 0x9DFA, 0x9DFA, 0x9DFA, 0x9DFA, 0x95FA, 
        0x95FA, 0x95FA, 0x95FA, 0x95FA, 0x95FA, 0x95DA, 0x95DA, 0x95DA, 0x95DA, 0x95DA, 0x95DA, 0x95DA, 0x95DA, 0x95DA, 0x95DA, 0x95DA, 0x95DA, 0x95DA, 0x95DA, 0x95DA, 0x95DA, 0x95DA, 0x95DA, 0x95DA, 0x95DA, 0x95DA, 0x95DA, 0x95DA, 0x95DA, 0x95DA, 
        0x95DA, 0x95DA, 0x95DA, 0x95DA, 0x95DA, 0x95DA, 0x95DA, 0x95DA, 0x95DA, 0x95DA, 0x95DA, 0x95DA, 0x95DA, 0x95DA, 0x95DA, 0x95DA, 0x95DA, 0x95DA, 0x95DA, 0x95DA, 0x95DA, 0x95DA, 0x95DA, 0x95DA, 0x95DA, 0x95DA, 0x95DA, 0x95DA, 0x95DA, 0x95DA, 
        0x95DA, 0x95DA, 0x95DA, 0x95DA, 0x95DA, 0x95DA, 0x95DA, 0x95DA, 0x95DA, 0x95DA, 0x95DA, 0x95DA, 0x95BA, 0x95DA, 0x95DA, 0x95DA, 0x95DA, 0x95BA, 0x95BA, 0x95D9, 0x95D9, 0x95D9, 0x95D9, 0x95D9, 0x95D9, 0x95D9, 0x95B9, 0x95B9, 0x95D9, 0x95D9, 
        0x95D9, 0x95D9, 0x95BA, 0x95BA, 0x95BA, 0x95BA, 0x95B9, 0x95B9, 0x95BA, 0x95BA, 0x95BA, 0x95BA, 0x95BA, 0x95B9, 0x95B9, 0x95BA, 0x95B9, 0x95B9, 0x95B9, 0x95B9, 0x95B9, 0x95B9, 0x95B9, 0x95B9, 0x95B9, 0x95B9, 0x95B9, 0x95B9, 0x95B9,
  0xA61A, 0xA61A, 0xA61A, 0xA61A, 0xA61A, 0xA61A, 0xA61A, 0xA61A, 0xA61A, 0xA61A, 0xA61A, 0xA61A, 0xA61A, 0xA61A, 0xA61A, 0xA61A, 0xA61A, 0xA61A, 0xA61A, 0xA61A, 0xA61A, 0xA61A, 0xA61A, 0xA61A, 0xA61A, 0xA61A, 0xA61A, 0xA61A, 0xA61A, 0xA61A, 0xA61A, 
        0xA61A, 0xA61A, 0xA61A, 0xA61A, 0xA61A, 0xA61A, 0xA61A, 0x9E1A, 0x9E1A, 0xA61A, 0xA61A, 0xA61A, 0x9E1A, 0x9E1A, 0xA61A, 0xA61A, 0xA61A, 0xA61A, 0xA61A, 0xA61A, 0xA61A, 0xA61A, 0xA61A, 0xA61A, 0xA61A, 0xA61A, 0x9E1A, 0x9E1A, 0x9E1B, 0x9E1A, 
        0x9E1A, 0xA61A, 0xA61A, 0x9E1A, 0x9E1A, 0x9E1A, 0xA61B, 0x9E1A, 0x9E1A, 0x9E1A, 0x9E1A, 0x9E1A, 0xA61A, 0x9DD9, 0xAD54, 0xEEB7, 0xF719, 0xF75A, 0xF75A, 0xEF3A, 0xAE1A, 0x9DFA, 0xA61A, 0x9E1A, 0x9E1B, 0x9E1A, 0x9E1A, 0x9E1B, 0x9E1B, 0x9E1B, 
        0x9E1B, 0x9E1B, 0x9E1B, 0x9E1B, 0x9E1B, 0x9E1A, 0x9E1A, 0x9E1B, 0x9E1B, 0x9E1B, 0x9E1B, 0x9E1B, 0x9E1B, 0x9E1B, 0x9E1B, 0x9E1B, 0x9E1B, 0x9E1B, 0x9E1B, 0x9E1B, 0x9E1B, 0x9E1B, 0x9E1B, 0x9E1B, 0x9E1B, 0x9E1B, 0x9E1B, 0x9E1B, 0x9E1B, 0x9E1B, 
        0x9E1B, 0x9E1B, 0x9E1B, 0x9E1B, 0x9E1B, 0x9E1B, 0x9E1B, 0x9E1B, 0x9E1B, 0x9E1B, 0x9E1B, 0x9E1B, 0x9E1B, 0x9E1B, 0x9E1B, 0x9E1B, 0x9E1B, 0x9E1B, 0x9E1B, 0x9E1B, 0x9E1B, 0x9E1B, 0x9E1B, 0x9E1B, 0x9E1B, 0x9E1B, 0x9E1B, 0xA63B, 0x9DF9, 0x9C71, 
        0x8988, 0x8989, 0x6927, 0xA36E, 0x9C72, 0x732F, 0x834F, 0x71C9, 0xA557, 0xA65B, 0x9E1B, 0x9E1B, 0x9E1B, 0x9E1B, 0x9E1B, 0x9E1B, 0x9E1B, 0x9E1B, 0x9E1B, 0x9E1B, 0x9E1B, 0x9E1B, 0x9E1B, 0x9E1B, 0x9E1B, 0x9E1B, 0x9E1B, 0x9E1B, 0xA63B, 0xA65C, 
        0x5B6E, 0x4A49, 0x41A6, 0x20E4, 0x2945, 0x2945, 0x3166, 0x41E7, 0x41A6, 0x3165, 0x3985, 0x41A6, 0x41A6, 0x49E7, 0x5207, 0x41A5, 0x3985, 0x7B4B, 0x93CC, 0x93CC, 0x93AB, 0x93AB, 0xB4CF, 0xCD72, 0xC551, 0x6AA9, 0x41C6, 0xC551, 0xCD71, 0x9BCC, 
        0x9BEC, 0xC52F, 0xD5B1, 0xBD0F, 0xBCEE, 0xBCCE, 0xC551, 0xC551, 0xB4CF, 0xB4EF, 0xAC8E, 0xB4CF, 0xC552, 0xD5F4, 0xDDF4, 0xD5D3, 0xD5B2, 0xD5B2, 0xCD92, 0xBD31, 0xB4CF, 0xB4AF, 0xBD31, 0xCD72, 0xCDB2, 0xC551, 0xC551, 0xB4F0, 0xB4CF, 0xB4CE, 
        0x6288, 0x9C2D, 0xACAF, 0xAC6E, 0xA42D, 0xB4AE, 0xBD10, 0xC551, 0xCD92, 0xC551, 0xCD92, 0xD5D3, 0xA46E, 0x93AB, 0xBCEF, 0xB4AE, 0xBCAD, 0xAC4C, 0xC550, 0xB48E, 0xAC6E, 0xAC6D, 0xBCEE, 0xCD2E, 0xCD2E, 0xC4ED, 0xD570, 0xD5B2, 0xDDD3, 0xC550, 
        0xC510, 0xBD10, 0xC50F, 0xA40C, 0x93AB, 0x8B6A, 0x8B49, 0x8B49, 0x7AE9, 0x6A88, 0x6A67, 0x830A, 0x7AEA, 0x72A9, 0x72A9, 0x72A9, 0x7B0B, 0x8CD4, 0xA65C, 0x9E1B, 0x9E1B, 0x9E1B, 0x9DFB, 0x9DFB, 0x9DFB, 0x9DFA, 0x9DFA, 0x9DFB, 0x9DFB, 0x9DFB, 
        0x9DFB, 0x9DFB, 0x9DFB, 0x9DFB, 0x9DFA, 0x9DFB, 0x9DFB, 0x9DFB, 0x9DFB, 0x9DFB, 0x9DFA, 0x9DFA, 0x9DFB, 0x9DFB, 0x9E1B, 0x9E1B, 0x9E1B, 0x59E9, 0x6022, 0xD32D, 0xB65B, 0x9E1B, 0x9DFA, 0x9DFA, 0x9DFA, 0x9DFA, 0x9DFA, 0x9DFA, 0x9DFA, 0x9DFA, 
        0x9DFA, 0x9DFA, 0x9DFA, 0x9DFA, 0x9DFA, 0x9DFA, 0x9DFA, 0x9DFA, 0x9DFA, 0x9DFA, 0x9DFA, 0x9DFA, 0x9DFA, 0x9DFA, 0x9DFA, 0x9DFA, 0x9DFA, 0x9DFA, 0x9DFA, 0x9DFA, 0x9DFA, 0x9DFA, 0x9DFA, 0x9DFA, 0x9DFA, 0x9DFA, 0x9DFA, 0x9DFA, 0x9DFA, 0x95FA, 
        0x9DFA, 0x9DFA, 0x9DFA, 0x9DFA, 0x9DFA, 0x9DFA, 0x95FA, 0x9DFA, 0x95FA, 0x95FA, 0x9DFA, 0x95FA, 0x95DA, 0x95DA, 0x95DA, 0x95DA, 0x95DA, 0x95DA, 0x95DA, 0x95DA, 0x95DA, 0x95DA, 0x95DA, 0x95DA, 0x95DA, 0x95DA, 0x95DA, 0x95DA, 0x95DA, 0x95DA, 
        0x95DA, 0x95DA, 0x95DA, 0x95DA, 0x95DA, 0x95DA, 0x95DA, 0x95DA, 0x95DA, 0x95DA, 0x95DA, 0x95DA, 0x95DA, 0x95DA, 0x95DA, 0x95DA, 0x95DA, 0x95DA, 0x95DA, 0x95DA, 0x95DA, 0x95DA, 0x95DA, 0x95DA, 0x95DA, 0x95DA, 0x95DA, 0x95DA, 0x95DA, 0x95DA, 
        0x95DA, 0x95DA, 0x95DA, 0x95DA, 0x95DA, 0x95DA, 0x95DA, 0x95DA, 0x95DA, 0x95DA, 0x95DA, 0x95DA, 0x95DA, 0x95DA, 0x95DA, 0x95DA, 0x95D9, 0x95D9, 0x95D9, 0x95D9, 0x95D9, 0x95D9, 0x95D9, 0x95D9, 0x95D9, 0x95D9, 0x95D9, 0x95D9, 0x95D9, 0x95D9, 
        0x95D9, 0x95D9, 0x95D9, 0x95D9, 0x95D9, 0x95B9, 0x95D9, 0x95D9, 0x95D9, 0x95D9, 0x95D9, 0x95B9, 0x95B9, 0x95B9, 0x95B9, 0x95B9, 0x95B9, 0x95B9, 0x95B9, 0x95B9, 0x95B9, 0x95B9, 0x95BA, 0x95BA, 0x95B9, 0x95BA, 0x95B9, 0x95B9, 0x95B9,
  0xA61A, 0xA61A, 0xA61A, 0xA61A, 0xA61A, 0xA61A, 0xA61A, 0xA61A, 0xA61A, 0xA61A, 0xA61A, 0xA61A, 0xA61A, 0xA61A, 0xA61A, 0xA61A, 0xA61A, 0xA61A, 0xA61A, 0xA61A, 0xA61A, 0xA61A, 0xA61A, 0xA61A, 0xA61A, 0xA61A, 0xA61A, 0xA61A, 0xA61A, 0xA61A, 0xA61A, 
        0xA61A, 0xA61A, 0xA61A, 0xA61A, 0xA61A, 0xA61A, 0xA61A, 0xA61A, 0xA61A, 0xA61A, 0xA61A, 0xA61A, 0xA61A, 0xA61A, 0xA61A, 0xA61A, 0xA61A, 0xA61A, 0xA61A, 0xA61A, 0xA61A, 0xA61A, 0xA61A, 0xA61A, 0xA61A, 0xA61A, 0x9E1A, 0x9E1A, 0xA61A, 0x9E1A, 
        0xA61A, 0xA61A, 0xA61A, 0xA61A, 0x9E1A, 0x9E1A, 0x9E1A, 0xA61A, 0xA61A, 0xA61A, 0xA61A, 0xA61A, 0xA61B, 0x9DDA, 0xAD54, 0xEEB7, 0xF719, 0xF75A, 0xF75A, 0xEF3A, 0xAE1A, 0x9DFA, 0xA61A, 0xA61A, 0x9E1A, 0x9E1A, 0x9E1A, 0x9E1B, 0x9E1B, 0x9E1A, 
        0x9E1B, 0x9E1B, 0x9E1B, 0x9E1B, 0x9E1B, 0x9E1A, 0x9E1A, 0xA61A, 0xA61B, 0x9E1B, 0x9E1B, 0x9E1B, 0x9E1B, 0x9E1B, 0x9E1B, 0x9E1B, 0x9E1B, 0x9E1B, 0x9E1B, 0x9E1B, 0x9E1B, 0x9E1B, 0x9E1B, 0x9E1B, 0x9E1B, 0x9E1B, 0x9E1B, 0x9E1B, 0x9E1B, 0x9E1B, 
        0x9E1B, 0x9E1B, 0x9E1B, 0x9E1B, 0x9E1B, 0x9E1B, 0x9E1B, 0x9E1B, 0x9E1B, 0x9E1B, 0x9E1B, 0x9E1B, 0x9E1B, 0x9E1B, 0x9E1B, 0x9E1B, 0x9E1B, 0x9E1B, 0x9E1B, 0x9E1B, 0x9E1B, 0x9E1B, 0x9E1B, 0x9E1B, 0x9E1B, 0x9E1B, 0x9E1B, 0xA63B, 0x9DF9, 0x9C51, 
        0x89A9, 0x9189, 0x7948, 0x93D0, 0xAC72, 0x6A8C, 0x726C, 0x930D, 0x8B4E, 0x9D99, 0xA63B, 0x9E1B, 0x9E1B, 0x9E1B, 0x9E1B, 0x9E1B, 0x9E1B, 0x9E1B, 0x9E1B, 0x9E1B, 0x9E1B, 0x9E1B, 0x9E1B, 0x9E1B, 0x9E1B, 0x9E1B, 0x9E1B, 0xA63B, 0xA65C, 0x9DB8, 
        0x4A8A, 0x62AA, 0x51E7, 0x3165, 0x4A07, 0x5228, 0x5228, 0x5A69, 0x4A07, 0x3165, 0x3145, 0x41C6, 0x62A9, 0x8B8C, 0x8BAC, 0x41E7, 0x4A07, 0xB4AF, 0xBD10, 0x9C0D, 0xA40D, 0x9C0C, 0xAC8F, 0xC531, 0xB4AF, 0x8B8B, 0x49E6, 0x93CC, 0x8BAC, 0x832A, 
        0x834A, 0x93EC, 0x9C0D, 0x93EC, 0x9BEC, 0xAC8E, 0xA44D, 0x9C0D, 0x9C0D, 0x93ED, 0x8B6B, 0x8B8B, 0x93AC, 0xA46E, 0x9C0D, 0x9C2D, 0x9C0D, 0x9C2D, 0x93EC, 0x93CC, 0x93CC, 0x93CC, 0x93EC, 0x9BEC, 0xA42D, 0x9BEC, 0x9C0D, 0x9BEC, 0x9C0D, 0x9BEC, 
        0x6AA8, 0x93AC, 0x8B6B, 0x8B6B, 0x9C0D, 0xA42D, 0x9C0C, 0xA44D, 0xA44D, 0xB4AF, 0xACAF, 0xAC8E, 0x8BAC, 0x836B, 0x9BEC, 0x93CC, 0x9C0C, 0x9BCB, 0xB4CF, 0xD5F3, 0xD5B2, 0xAC6E, 0xBCCF, 0xDDB1, 0xE5F2, 0xD590, 0xDE13, 0xEE75, 0xEE75, 0xD5D2, 
        0xD5D3, 0xD5B3, 0xDDF3, 0xB48D, 0xBCEF, 0xC510, 0xBCCE, 0xB46D, 0xA40C, 0x72E9, 0x5A26, 0x93AA, 0x93AB, 0x832A, 0x7AE9, 0x6A68, 0x6A89, 0x8CB3, 0xA65C, 0x9E1B, 0x9E1B, 0x9E1B, 0x9E1B, 0x9E1A, 0x9E1A, 0x9E1A, 0x9E1A, 0x9E1A, 0x9DFA, 0x9DFA, 
        0x9DFA, 0x9DFB, 0x9DFB, 0x9DFA, 0x9DFA, 0x9DFA, 0x9DFA, 0x9DFA, 0x9DFB, 0x9DFB, 0x9DFA, 0x9DFA, 0x9DFA, 0x9DFA, 0x9E1A, 0x9E1B, 0x9DFA, 0x624A, 0x6946, 0xD34E, 0xC5F8, 0x9E1B, 0x9DFA, 0x9DFA, 0x9DFA, 0x9DFA, 0x9DFA, 0x9DFA, 0x9DFA, 0x9DFA, 
        0x9DFA, 0x9DFA, 0x9DFA, 0x9DFA, 0x9DFA, 0x9DFA, 0x9DFA, 0x9DFA, 0x9DFA, 0x9DFA, 0x9DFA, 0x9DFA, 0x9DFA, 0x9DFA, 0x9DFA, 0x9DFA, 0x9DFA, 0x9DFA, 0x9DFA, 0x9DFA, 0x9DFA, 0x9DFA, 0x9DFA, 0x9DFA, 0x9DFA, 0x9DFA, 0x9DFA, 0x9DFA, 0x9DFA, 0x9DFA, 
        0x9DFA, 0x9DFA, 0x9DFA, 0x9DFA, 0x9DFA, 0x9DFA, 0x9DFA, 0x9DFA, 0x9DFA, 0x9DFA, 0x9DFA, 0x95FA, 0x95FA, 0x95FA, 0x9DFA, 0x9DFA, 0x9DFA, 0x95DA, 0x95DA, 0x95DA, 0x95DA, 0x95DA, 0x95DA, 0x95DA, 0x95DA, 0x95DA, 0x95DA, 0x95DA, 0x95DA, 0x95DA, 
        0x95DA, 0x95DA, 0x95DA, 0x95DA, 0x95DA, 0x95DA, 0x95DA, 0x95DA, 0x95DA, 0x95DA, 0x95DA, 0x95DA, 0x95DA, 0x95DA, 0x95DA, 0x95DA, 0x95DA, 0x95DA, 0x95DA, 0x95DA, 0x95DA, 0x95DA, 0x95DA, 0x95DA, 0x95DA, 0x95DA, 0x95DA, 0x95DA, 0x95DA, 0x95DA, 
        0x95DA, 0x95DA, 0x95DA, 0x95DA, 0x95DA, 0x95DA, 0x95DA, 0x95DA, 0x95DA, 0x95DA, 0x95DA, 0x95DA, 0x95DA, 0x95DA, 0x95DA, 0x95D9, 0x95D9, 0x95D9, 0x95D9, 0x95D9, 0x95D9, 0x95D9, 0x95D9, 0x95D9, 0x95D9, 0x95D9, 0x95D9, 0x95D9, 0x95D9, 0x95D9, 
        0x95D9, 0x95D9, 0x95D9, 0x95D9, 0x95D9, 0x95D9, 0x95D9, 0x95D9, 0x95D9, 0x95B9, 0x95B9, 0x95D9, 0x95D9, 0x95D9, 0x95D9, 0x95B9, 0x95D9, 0x95D9, 0x95D9, 0x95D9, 0x95B9, 0x95B9, 0x95B9, 0x95B9, 0x95BA, 0x95B9, 0x95B9, 0x95B9, 0x95B9,
  0xA61A, 0xA61A, 0xA61A, 0xA61A, 0xA61A, 0xA61A, 0xA61A, 0xA61A, 0xA61A, 0xA61A, 0xA61A, 0xA61A, 0xA61A, 0xA61A, 0xA61A, 0xA61A, 0xA61A, 0xA61A, 0xA61A, 0xA61A, 0xA61B, 0xA61B, 0xA61B, 0xA61A, 0xA61A, 0xA61A, 0xA61A, 0xA61A, 0xA61A, 0xA61A, 0xA61A, 
        0xA61A, 0xA61A, 0xA61A, 0xA61A, 0xA61A, 0xA61A, 0xA61A, 0xA61A, 0xA61A, 0xA61A, 0xA61A, 0xA61A, 0xA61A, 0xA61A, 0xA61A, 0xA61A, 0xA61A, 0xA61A, 0xA61A, 0xA61A, 0xA61A, 0xA61A, 0xA61A, 0xA61A, 0xA61A, 0xA61A, 0xA61A, 0x9E1A, 0xA61A, 0xA61A, 
        0xA61A, 0xA61A, 0xA61A, 0xA61A, 0xA61A, 0xA61A, 0xA61A, 0xA61A, 0xA61A, 0xA61B, 0xA61B, 0xA61A, 0xA61B, 0x9DDA, 0xB554, 0xEED7, 0xF739, 0xF75A, 0xF75A, 0xF73A, 0xAE3A, 0x9E1A, 0xA61A, 0xA61A, 0xA61A, 0xA61A, 0xA61A, 0xA61A, 0xA61A, 0x9E1A, 
        0xA61A, 0xA61A, 0x9E1B, 0x9E1A, 0x9E1A, 0x9E1A, 0xA61B, 0xA61B, 0xA61B, 0x9E1B, 0x9E1B, 0x9E1B, 0x9E1B, 0x9E1B, 0x9E1B, 0x9E1B, 0x9E1B, 0x9E1B, 0x9E1B, 0x9E1B, 0x9E1B, 0x9E1B, 0x9E1B, 0x9E1B, 0x9E1B, 0x9E1B, 0x9E1B, 0x9E1B, 0x9E1B, 0x9E1B, 
        0x9E1B, 0x9E1B, 0x9E1B, 0x9E1B, 0x9E1B, 0x9E1B, 0x9E1B, 0x9E1B, 0x9E1B, 0x9E1B, 0x9E1B, 0x9E1B, 0x9E1B, 0x9E1B, 0x9E1B, 0x9E1B, 0x9E1B, 0x9E1B, 0x9E1B, 0x9E1B, 0x9E1B, 0x9E1B, 0x9E1B, 0x9E1B, 0x9E1B, 0x9E1B, 0x9E1B, 0xA63B, 0x9DD9, 0x93EF, 
        0x8968, 0x9189, 0x8988, 0x726B, 0xAB4E, 0x59A9, 0x92AD, 0xDDB6, 0x7A6A, 0x8C94, 0xA65C, 0x9E1B, 0x9E1B, 0x9E1B, 0x9E1B, 0x9E1B, 0x9E1B, 0x9E1B, 0x9E1B, 0x9E1B, 0x9E1B, 0x9E1B, 0x9E1B, 0x9E1B, 0x9E1B, 0xA61B, 0xA61B, 0xA65C, 0xAE7C, 0x6B8F, 
        0x6A89, 0x49E7, 0x3985, 0x39A6, 0x49E7, 0x5A89, 0x5A89, 0x4A28, 0x4A07, 0x49E7, 0x49C6, 0x6AA8, 0x93EC, 0xB4AF, 0x6B0B, 0x3186, 0x39A6, 0x7B4B, 0x72EA, 0x7B2A, 0x834A, 0x6AA9, 0x72E9, 0x834B, 0x7B0A, 0x7AE9, 0x6268, 0x7B0A, 0x72EA, 0x7AEA, 
        0x72E9, 0x7B09, 0x72E9, 0x72C9, 0x72A9, 0x7AE9, 0x72C9, 0x72C9, 0x7B0A, 0x72C9, 0x72C9, 0x7B0A, 0x7AE9, 0x7AE9, 0x7B0A, 0x832A, 0x832A, 0x832A, 0x7B0A, 0x832A, 0x832A, 0x832A, 0x7B0A, 0x7AE9, 0x7B0A, 0x7B0A, 0x7B0A, 0x832A, 0x834A, 0x8B6B, 
        0x832A, 0x93AC, 0x834B, 0x938B, 0x938C, 0x93AC, 0x8B6B, 0x93AC, 0x93AC, 0xA44D, 0xA40D, 0xA42D, 0x836A, 0x93AC, 0x9BED, 0x9BED, 0x9BED, 0x93AC, 0x8B8B, 0xA44D, 0xBCCF, 0x9C0D, 0x9C0D, 0xA44E, 0xCD92, 0xDE14, 0xDDF3, 0xDE13, 0xDDD2, 0xDDF3, 
        0xCD72, 0xD5D3, 0xDE14, 0xAC8E, 0xBCF0, 0xD592, 0xDDF3, 0xC530, 0xC530, 0x93AB, 0x93AB, 0xD5B2, 0xC551, 0xC50F, 0x9C0C, 0x6AA8, 0x6268, 0x732B, 0x9DD9, 0xA63B, 0x9E1B, 0x9E1B, 0x9E1A, 0x9E1A, 0x9E1A, 0x9E1A, 0x9E1A, 0x9E1A, 0x9E1A, 0x9E1A, 
        0x9E1A, 0x9E1A, 0x9E1A, 0x9E1A, 0x9E1A, 0x9E1A, 0x9E1A, 0x9E1A, 0x9DFA, 0x9DFA, 0x9DFA, 0x9DFA, 0x9DFA, 0x9E1A, 0x9E1A, 0x9E1B, 0x9E1A, 0x7B6E, 0x69C8, 0xD596, 0xDC73, 0x9DDA, 0x9E1B, 0x9DFA, 0x9DFA, 0x9DFA, 0x9DFA, 0x9DFA, 0x9DFA, 0x9DFA, 
        0x9DFA, 0x9DFA, 0x9DFA, 0x9DFA, 0x9DFA, 0x9DFA, 0x9DFA, 0x9DFA, 0x9DFA, 0x9DFA, 0x9DFA, 0x9DFA, 0x9DFA, 0x9DFA, 0x9DFA, 0x9DFA, 0x9DFA, 0x9DFA, 0x9DFA, 0x9DFA, 0x9DFA, 0x9DFA, 0x9DFA, 0x9DFA, 0x9DFA, 0x9DFA, 0x9DFA, 0x9DFA, 0x9DFA, 0x9DFA, 
        0x9DFA, 0x9DFA, 0x9DFA, 0x9DFA, 0x9DF