     0xFFC8B589, 0xFFC7B488, 0xFFC7B487, 0xFFC6B387, 0xFF918362, 0xFF0A0906, 0xFF14120D, 0xFFC4B284, 0xFFC4B183, 0xFFC3B082, 0xFFC3B082, 0xFFC3AF81, 0xFFC2AF80, 0xFFBEAB7D, 0xFF7D7052, 0xFF080705, 0xFF070604, 0xFFBBA77A, 0xFFBFAC7B, 0xFFBFAB7B, 
        0xFFBFAB7A, 0xFFBEAA79, 0xFFBEA978, 0xFFBEA978, 0xFFBDA977, 0xFFBCA876, 0xFFBCA876, 0xFFBCA775, 0xFFBBA674, 0xFFBBA673, 0xFFBBA673, 0xFFBAA572, 0xFFBAA471, 0xFFB9A470, 0xFFB9A36F, 0xFFB8A36F, 0xFFB8A26E, 0xFFB8A26E, 0xFFB7A16D, 0xFFB7A16C, 
        0xFFB6A06C, 0xFFB69F6A, 0xFFB59F6A, 0xFFB59F69, 0xFFB49E68, 0xFFB49D68, 0xFFB49D67, 0xFFB39C66, 0xFFB39C65, 0xFFB29B65, 0xFFB29B64, 0xFFB19A63, 0xFFB19A62, 0xFFB09962, 0xFFB09960, 0xFFB09860, 0xFFAF9860, 0xFFAF975E, 0xFFAE975E, 0xFFAE965D, 
        0xFFAE965D, 0xFFAD955C, 0xFFAC955B, 0xFFAC945A, 0xFFAB9359, 0xFFAB9359, 0xFFAB9358, 0xFFAB9257, 0xFFAA9156, 0xFFA99156, 0xFFA99155, 0xFFA89054, 0xFFA88F53, 0xFFA88F53, 0xFFA58C51, 0xFF080704, 0xFF141109, 0xFF99824A, 0xFFA58C4F, 0xFFA58C4E, 
        0xFFA58B4E, 0xFFA48A4D, 0xFFA48A4C, 0xFFA48A4B, 0xFFA3894A, 0xFF1D180D, 0xFF080704, 0xFF796637, 0xFFA18747,
  0xFFA18748, 0xFF6B5A30, 0xFF000000, 0xFF362D18, 0xFFA3894A, 0xFFA48A4C, 0xFFA48A4C, 0xFFA48A4D, 0xFFA58B4E, 0xFFA58C4F, 0xFF9D854B, 0xFF2E2616, 0xFF010100, 0xFFA78E51, 0xFFA78E52, 0xFFA88F53, 0xFFA88F54, 0xFFA99054, 0xFFA99055, 0xFFA99156, 0xFF070603, 
        0xFF6E5E38, 0xFFAB9258, 0xFFAB9359, 0xFFAB9359, 0xFFAC945A, 0xFFAD945B, 0xFFAD955B, 0xFFAE965D, 0xFFAE965D, 0xFFAE975E, 0xFFAF975F, 0xFFAF985F, 0xFFAF9860, 0xFFB09961, 0xFFB09962, 0xFFB19A62, 0xFFB19A63, 0xFFB29B64, 0xFFB29B65, 0xFFB39C65, 
        0xFFB39D66, 0xFFB49D67, 0xFFB49D67, 0xFFB49E69, 0xFFB59E69, 0xFFB59F6A, 0xFFB6A06A, 0xFFB6A06C, 0xFFB7A06C, 0xFFB7A16D, 0xFFB7A26E, 0xFFB8A26E, 0xFFB8A36F, 0xFFB9A36F, 0xFFB9A471, 0xFF736646, 0xFF000000, 0xFF97865D, 0xFFBBA673, 0xFFBBA674, 
        0xFFBCA775, 0xFFBCA876, 0xFFBDA876, 0xFFBDA977, 0xFFBEA978, 0xFFBEAA79, 0xFFAE9C6F, 0xFF1D1A12, 0xFF000000, 0xFF100E0A, 0xFF040402, 0xFF000000, 0xFF000000, 0xFF000000, 0xFF080705, 0xFF191610, 0xFF000000, 0xFF6F644A, 0xFFC4B182, 0xFFC4B183, 
        0xFFC5B284, 0xFFC5B284, 0xFFC5B285, 0xFFC6B385, 0xFFC6B487, 0xFFC7B487, 0xFFC7B488, 0xFFC8B589, 0xFFC8B689, 0xFFC8B68A, 0xFFC9B78B, 0xFFC9B78C, 0xFFCAB78C, 0xFFCAB88D, 0xFFCAB98E, 0xFFCBB98F, 0xFFCCBA90, 0xFFCCBA90, 0xFFCCBB91, 0xFFCDBB91, 
        0xFFCDBC92, 0xFFCDBC93, 0xFFCEBD93, 0xFFCEBE95, 0xFFCFBE95, 0xFFCFBE96, 0xFFD0BF97, 0xFFD0BF97, 0xFFD1C098, 0xFFD1C099, 0xFFD1C199, 0xFFD2C29A, 0xFFD2C29A, 0xFFD3C39C, 0xFFD3C39C, 0xFFD4C39D, 0xFFD4C49E, 0xFFD4C59E, 0xFFD5C59F, 0xFFD5C5A0, 
        0xFFD6C6A1, 0xFFD6C7A1, 0xFFD6C7A2, 0xFFD7C8A3, 0xFFD7C8A3, 0xFFD8C9A4, 0xFFD8C9A5, 0xFFD8C9A5, 0xFFD9CAA6, 0xFFD9CBA7, 0xFFDACBA7, 0xFFDACCA8, 0xFFDBCCA9, 0xFFDBCDAA, 0xFFDCCDAA, 0xFFDCCDAB, 0xFFDCCEAC, 0xFFDCCEAC, 0xFFDDCFAD, 0xFFDDCFAE, 
        0xFFDED0AE, 0xFFDED0AF, 0xFFDED1B0, 0xFFDFD2B1, 0xFFDFD2B1, 0xFFE0D2B1, 0xFFE0D3B3, 0xFFE1D3B3, 0xFFE1D3B4, 0xFFE2D4B4, 0xFFE2D4B5, 0xFFE2D5B6, 0xFFE2D6B6, 0xFFE3D6B7, 0xFFE3D6B7, 0xFFE4D7B8, 0xFFE4D7B9, 0xFFE4D8BA, 0xFFE5D8BA, 0xFFE5D9BB, 
        0xFFE5D9BB, 0xFFE6D9BC, 0xFFE6DABC, 0xFFE6DABD, 0xFFE7DABE, 0xFFE7DBBE, 0xFFE7DCBF, 0xFFE8DCBF, 0xFFE8DCBF, 0xFFE8DDC1, 0xFFE9DDC1, 0xFFE9DDC1, 0xFFE9DEC2, 0xFFE9DEC2, 0xFFEADEC3, 0xFFEADFC3, 0xFFEADFC4, 0xFFEBDFC4, 0xFFEBDFC4, 0xFFEBE0C5, 
        0xFFEBE0C5, 0xFFEBE0C5, 0xFFECE1C6, 0xFFECE1C6, 0xFFECE1C6, 0xFFECE1C7, 0xFFECE1C7, 0xFFECE2C7, 0xFFECE2C7, 0xFFEDE2C7, 0xFFEDE1C7, 0xFFEDE2C8, 0xFFEDE2C8, 0xFFEDE2C8, 0xFFEDE2C8, 0xFFEDE2C8, 0xFFECE2C7, 0xFFEDE2C7, 0xFFEDE2C7, 0xFFECE1C7, 
        0xFFECE1C7, 0xFFECE1C7, 0xFFECE1C7, 0xFFECE1C6, 0xFFEBE1C6, 0xFFECE1C6, 0xFFECE0C5, 0xFFEBE0C5, 0xFFEBE0C5, 0xFFEBE0C4, 0xFFEAE0C4, 0xFFEADFC3, 0xFFEADFC3, 0xFFEADEC3, 0xFFEADEC3, 0xFFE9DEC2, 0xFFE9DDC1, 0xFFE9DDC1, 0xFFE8DDC0, 0xFFE8DCC0, 
        0xFFE8DCBF, 0xFFE7DCBF, 0xFFE7DBBE, 0xFFE7DBBE, 0xFFE6DABD, 0xFFE6DABD, 0xFFE6D9BC, 0xFFE6D9BB, 0xFFE5D9BB, 0xFFE5D8BA, 0xFFE4D8BA, 0xFFE4D8B9, 0xFFE4D7B9, 0xFFE3D6B8, 0xFFE3D6B7, 0xFFE3D6B7, 0xFFE2D5B5, 0xFFE2D5B5, 0xFFE2D4B5, 0xFFE1D4B4, 
        0xFFE1D3B3, 0xFFE0D3B3, 0xFFE0D2B2, 0xFFDFD2B1, 0xFFDFD1B1, 0xFFDFD1B0, 0xFFDED0AF, 0xFFDED0AF, 0xFFDECFAE, 0xFFDDCFAD, 0xFFDDCEAD, 0xFFDCCEAC, 0xFFDCCDAB, 0xFFDBCDAA, 0xFFDBCDAA, 0xFFDBCCA9, 0xFFDACCA8, 0xFFDACBA8, 0xFFD9CBA7, 0xFFD9CAA6, 
        0xFFD9CAA5, 0xFFD8C9A5, 0xFFD8C8A4, 0xFFD7C8A4, 0xFFD7C8A3, 0xFFD6C7A2, 0xFFD6C7A1, 0xFFD6C6A1, 0xFFD5C5A0, 0xFFD5C59F, 0xFFD5C59E, 0xFFD4C49E, 0xFFD4C49D, 0xFFD3C39D, 0xFFD3C39C, 0xFFD2C29B, 0xFFD2C19A, 0xFFD2C19A, 0xFFD1C199, 0xFFD1C098, 
        0xFFD0C097, 0xFFD0BF97, 0xFFCFBE95, 0xFFCFBE95, 0xFFCFBD95, 0xFFCEBD93, 0xFFCEBD93, 0xFFCDBC92, 0xFFCCBB92, 0xFFCCBB91, 0xFFCCBA90, 0xFFCCBA8F, 0xFFCBB98F, 0xFFCAB98E, 0xFFCAB88D, 0xFFCAB78C, 0xFFC9B78C, 0xFFC9B78B, 0xFFC8B68A, 0xFFC8B689, 
        0xFFC8B589, 0xFFC7B488, 0xFFC7B487, 0xFFC6B487, 0xFFAA9973, 0xFF171510, 0xFF030202, 0xFFB09F76, 0xFFB5A379, 0xFFA4936D, 0xFF8F815F, 0xFF6B6046, 0xFF342E22, 0xFF090806, 0xFF000000, 0xFF000000, 0xFF040402, 0xFF978762, 0xFFC0AC7B, 0xFFBFAB7B, 
        0xFFBFAB7A, 0xFFBFAA79, 0xFFBEA979, 0xFFBEA978, 0xFFBDA977, 0xFFBDA876, 0xFFBCA876, 0xFFBCA775, 0xFFBBA674, 0xFFBBA674, 0xFFBBA673, 0xFFBAA572, 0xFFBAA471, 0xFFB9A471, 0xFFB9A370, 0xFFB8A36F, 0xFFB8A26E, 0xFFB7A26E, 0xFFB7A16D, 0xFFB7A16C, 
        0xFFB6A06C, 0xFFB6A06A, 0xFFB59F6A, 0xFFB59F69, 0xFFB49E69, 0xFFB49E68, 0xFFB49D67, 0xFFB39D66, 0xFFB39C65, 0xFFB29B64, 0xFFB29B64, 0xFFB19B63, 0xFFB19A62, 0xFFB19962, 0xFFB09961, 0xFFAF9860, 0xFFAF9860, 0xFFAF975E, 0xFFAE975E, 0xFFAE965D, 
        0xFFAE965D, 0xFFAD955C, 0xFFAC955B, 0xFFAC945A, 0xFFAC9459, 0xFFAB9359, 0xFFAB9258, 0xFFAB9258, 0xFFAA9256, 0xFFAA9156, 0xFFA99055, 0xFFA89054, 0xFFA88F54, 0xFFA88F53, 0xFFA88E52, 0xFF19150C, 0xFF0E0C06, 0xFF8B7643, 0xFFA58C4F, 0xFFA58C4F, 
        0xFFA58B4E, 0xFFA48B4D, 0xFFA48A4C, 0xFFA38A4C, 0xFFA3894B, 0xFF352C18, 0xFF000000, 0xFF6B5A30, 0xFFA18748,
  0xFFA18748, 0xFF5E4E2A, 0xFF000000, 0xFF524425, 0xFFA3894A, 0xFFA38A4C, 0xFFA48A4C, 0xFFA48A4D, 0xFFA58B4E, 0xFFA58C4E, 0xFF9A8249, 0xFF1A160C, 0xFF18150C, 0xFFA78E51, 0xFFA78E52, 0xFFA88F53, 0xFFA88F54, 0xFFA99054, 0xFFA99155, 0xFFAA9156, 0xFF000000, 
        0xFF463C23, 0xFFA89156, 0xFFAB9359, 0xFFAC9359, 0xFFAC945A, 0xFFAC945B, 0xFFAD955B, 0xFFAE965D, 0xFFAE965D, 0xFFAE975E, 0xFFAF975E, 0xFFB09860, 0xFFB09860, 0xFFB09961, 0xFFB19962, 0xFFB19A62, 0xFFB29A63, 0xFFB29B64, 0xFFB29C65, 0xFFB39C65, 
        0xFFB39D66, 0xFFB49D67, 0xFFB49D68, 0xFFB49E68, 0xFFB59F69, 0xFFB59F6A, 0xFFB6A06A, 0xFFB7A06B, 0xFFB7A16C, 0xFFB7A16D, 0xFFB7A26E, 0xFFB8A26F, 0xFFB8A36F, 0xFFB8A370, 0xFFB19C6C, 0xFF110F0A, 0xFF080705, 0xFF97865D, 0xFFBBA673, 0xFFBBA774, 
        0xFFBCA775, 0xFFBCA776, 0xFFBDA876, 0xFFBDA977, 0xFFBEA978, 0xFFBEA979, 0xFF9A8A62, 0xFF12100B, 0xFF020201, 0xFF95865F, 0xFF887A58, 0xFF6C6146, 0xFF49412F, 0xFF221F16, 0xFF000000, 0xFF000000, 0xFF000000, 0xFF958663, 0xFFC4B182, 0xFFC4B183, 
        0xFFC5B284, 0xFFC5B285, 0xFFC6B285, 0xFFC6B386, 0xFFC6B487, 0xFFC7B487, 0xFFC7B588, 0xFFC8B589, 0xFFC8B58A, 0xFFC9B68A, 0xFFC9B78B, 0xFFCAB78C, 0xFFCAB88D, 0xFFCAB88D, 0xFFCAB98E, 0xFFCBB98F, 0xFFCCBA90, 0xFFCCBA90, 0xFFCCBB91, 0xFFCDBC92, 
        0xFFCDBC92, 0xFFCEBC93, 0xFFCEBD94, 0xFFCFBD95, 0xFFCFBE95, 0xFFCFBF96, 0xFFD0BF96, 0xFFD0C097, 0xFFD1C098, 0xFFD1C099, 0xFFD2C19A, 0xFFD2C29A, 0xFFD2C29B, 0xFFD3C39C, 0xFFD3C39C, 0xFFD4C49D, 0xFFD4C49E, 0xFFD4C59F, 0xFFD5C59F, 0xFFD5C6A0, 
        0xFFD6C6A1, 0xFFD6C7A1, 0xFFD6C7A2, 0xFFD7C8A3, 0xFFD7C8A3, 0xFFD8C9A4, 0xFFD8C9A5, 0xFFD9CAA6, 0xFFD9CAA6, 0xFFD9CBA7, 0xFFDACBA8, 0xFFDACCA8, 0xFFDACCA9, 0xFFDBCDAA, 0xFFDCCDAB, 0xFFDCCEAB, 0xFFDCCEAC, 0xFFDDCFAD, 0xFFDDCFAD, 0xFFDED0AE, 
        0xFFDED0AF, 0xFFDED1AF, 0xFFDFD1B0, 0xFFE0D2B1, 0xFFE0D2B2, 0xFFE0D2B2, 0xFFE1D3B3, 0xFFE1D4B4, 0xFFE1D4B4, 0xFFE2D5B5, 0xFFE2D5B6, 0xFFE3D5B6, 0xFFE3D6B7, 0xFFE3D6B7, 0xFFE3D7B8, 0xFFE4D7B8, 0xFFE4D8B9, 0xFFE5D8BA, 0xFFE5D9BB, 0xFFE5D9BB, 
        0xFFE6DABC, 0xFFE6DABD, 0xFFE6DABD, 0xFFE7DBBD, 0xFFE7DBBE, 0xFFE7DBBF, 0xFFE8DCBF, 0xFFE8DCC0, 0xFFE8DDC0, 0xFFE9DDC1, 0xFFE9DEC1, 0xFFE9DEC2, 0xFFEADEC2, 0xFFEADFC3, 0xFFEADFC3, 0xFFEBDFC4, 0xFFEBDFC4, 0xFFEBE0C5, 0xFFEBE0C5, 0xFFECE0C5, 
        0xFFECE1C6, 0xFFECE1C6, 0xFFECE1C7, 0xFFEDE2C7, 0xFFEDE2C7, 0xFFEDE2C8, 0xFFEDE2C8, 0xFFEDE2C8, 0xFFEDE2C8, 0xFFEDE3C8, 0xFFEDE2C9, 0xFFEDE3C9, 0xFFEDE2C9, 0xFFEDE3C9, 0xFFEEE3C9, 0xFFEDE3C9, 0xFFEDE2C9, 0xFFEDE2C9, 0xFFEDE2C8, 0xFFEDE2C8, 
        0xFFEDE2C8, 0xFFEDE2C8, 0xFFEDE2C8, 0xFFEDE2C7, 0xFFECE1C7, 0xFFECE1C7, 0xFFECE1C6, 0xFFECE1C6, 0xFFECE0C6, 0xFFEBE0C5, 0xFFEBE0C5, 0xFFEBDFC4, 0xFFEBDFC4, 0xFFEADFC3, 0xFFEADEC3, 0xFFEADEC2, 0xFFEADEC2, 0xFFE9DEC2, 0xFFE9DDC1, 0xFFE9DDC1, 
        0xFFE8DCC0, 0xFFE8DCBF, 0xFFE7DBBF, 0xFFE7DBBE, 0xFFE7DBBE, 0xFFE6DABD, 0xFFE6DABC, 0xFFE6DABC, 0xFFE5D9BB, 0xFFE5D9BB, 0xFFE5D8BA, 0xFFE4D8B9, 0xFFE4D7B9, 0xFFE4D7B8, 0xFFE3D6B7, 0xFFE3D6B7, 0xFFE2D5B6, 0xFFE2D5B6, 0xFFE2D4B5, 0xFFE1D4B5, 
        0xFFE1D4B4, 0xFFE1D3B3, 0xFFE0D3B2, 0xFFE0D2B2, 0xFFDFD2B1, 0xFFDFD1B0, 0xFFDFD1B0, 0xFFDED0AF, 0xFFDED0AE, 0xFFDDCFAD, 0xFFDDCFAD, 0xFFDDCEAC, 0xFFDCCEAC, 0xFFDCCDAB, 0xFFDBCDAA, 0xFFDBCCA9, 0xFFDACCA9, 0xFFDACBA8, 0xFFD9CAA8, 0xFFD9CAA7, 
        0xFFD9CAA6, 0xFFD8C9A5, 0xFFD8C9A4, 0xFFD7C8A4, 0xFFD7C8A3, 0xFFD7C7A2, 0xFFD7C7A2, 0xFFD6C6A1, 0xFFD5C6A0, 0xFFD5C5A0, 0xFFD4C59F, 0xFFD4C49E, 0xFFD4C49D, 0xFFD3C39D, 0xFFD3C39C, 0xFFD2C29B, 0xFFD2C29A, 0xFFD2C19A, 0xFFD1C199, 0xFFD1C098, 
        0xFFD0BF98, 0xFFD0BF97, 0xFFCFBF96, 0xFFCFBE96, 0xFFCFBE95, 0xFFCEBD94, 0xFFCEBD93, 0xFFCDBC93, 0xFFCDBB92, 0xFFCDBB91, 0xFFCCBA91, 0xFFCCBA8F, 0xFFCBBA8F, 0xFFCBB98E, 0xFFCAB88D, 0xFFCAB88C, 0xFFCAB78C, 0xFFC9B78C, 0xFFC9B68A, 0xFFC8B68A, 
        0xFFC8B589, 0xFFC7B488, 0xFFC7B488, 0xFFC7B487, 0xFFC2AF83, 0xFF242018, 0xFF000000, 0xFF312C21, 0xFF29251B, 0xFF0F0D0A, 0xFF000000, 0xFF000000, 0xFF000000, 0xFF000000, 0xFF1D1A13, 0xFF090805, 0xFF020201, 0xFF76694C, 0xFFC0AC7C, 0xFFC0AB7B, 
        0xFFBFAB7A, 0xFFBEAA79, 0xFFBEAA79, 0xFFBEA978, 0xFFBDA978, 0xFFBDA877, 0xFFBCA876, 0xFFBCA775, 0xFFBCA674, 0xFFB9A473, 0xFFB8A471, 0xFFBAA572, 0xFFBAA571, 0xFFB9A471, 0xFFB9A370, 0xFFB8A36F, 0xFFB8A36F, 0xFFB8A26E, 0xFFB7A16D, 0xFFB7A16D, 
        0xFFB6A06C, 0xFFB6A06B, 0xFFB59F6A, 0xFFB59F69, 0xFFB49E69, 0xFFB49E68, 0xFFB49E67, 0xFFB39D67, 0xFFB39C66, 0xFFB29C65, 0xFFB29B64, 0xFFB19A63, 0xFFB19A63, 0xFFB19A62, 0xFFB09961, 0xFFB09860, 0xFFB09860, 0xFFAF975F, 0xFFAE975E, 0xFFAE975D, 
        0xFFAE965D, 0xFFAD955C, 0xFFAD945B, 0xFFAC945B, 0xFFAC945A, 0xFFAB9359, 0xFFA99157, 0xFFA89056, 0xFFAA9157, 0xFFAA9156, 0xFFA99155, 0xFFA99054, 0xFFA89054, 0xFFA88F53, 0xFFA88E52, 0xFF332B18, 0xFF060503, 0xFF7A673A, 0xFFA68C4F, 0xFFA58C4E, 
        0xFFA58B4E, 0xFFA48B4D, 0xFFA48A4C, 0xFFA38A4C, 0xFFA3894B, 0xFF514425, 0xFF000000, 0xFF5E4E2A, 0xFFA18748,
  0xFFA08647, 0xFF4E4123, 0xFF000000, 0xFF6F5D32, 0xFFA3894B, 0xFFA48A4B, 0xFFA48A4C, 0xFFA48A4D, 0xFFA58B4D, 0xFFA58C4F, 0xFF957E47, 0xFF080704, 0xFF302817, 0xFFA78E51, 0xFFA78E52, 0xFFA88F53, 0xFFA89054, 0xFFA99054, 0xFFA99156, 0xFFAA9156, 0xFF020101, 
        0xFF070603, 0xFF98824E, 0xFFAB9359, 0xFFAC935A, 0xFFAC945B, 0xFFAD955B, 0xFFAD955C, 0xFFAE965D, 0xFFAE965D, 0xFFAF975E, 0xFFAF975F, 0xFFAF9860, 0xFFB09860, 0xFFB09961, 0xFFB19A62, 0xFFB19A63, 0xFFB19A63, 0xFFB29B64, 0xFFB29C65, 0xFFB39C66, 
        0xFFB39D66, 0xFFB49D67, 0xFFB49E68, 0xFFB49E68, 0xFFB59F69, 0xFFB59F6A, 0xFFB6A06A, 0xFFB6A06C, 0xFFB7A16C, 0xFFB7A16D, 0xFFB8A26E, 0xFFB8A36F, 0xFFB8A36F, 0xFFB8A26F, 0xFF302B1D, 0xFF000000, 0xFF0A0906, 0xFF97865D, 0xFFBBA674, 0xFFBBA774, 
        0xFFBCA775, 0xFFBCA876, 0xFFBDA877, 0xFFBDA978, 0xFFBEA978, 0xFFBEAA79, 0xFF867856, 0xFF050503, 0xFF110F0B, 0xFFC0AC7C, 0xFFC0AD7D, 0xFFC0AC7C, 0xFFBDA97B, 0xFFBAA77A, 0xFFB4A276, 0xFF080705, 0xFF0B0A07, 0xFFA6966F, 0xFFC4B182, 0xFFC4B183, 
        0xFFC5B284, 0xFFC5B285, 0xFFC6B385, 0xFFC6B386, 0xFFC6B487, 0xFFC7B487, 0xFFC7B488, 0xFFC8B689, 0xFFC8B68A, 0xFFC9B68A, 0xFFC9B78B, 0xFFC9B88C, 0xFFCAB88D, 0xFFCAB88E, 0xFFCBB98E, 0xFFCBBA8F, 0xFFCBBA90, 0xFFCCBA90, 0xFFCDBB91, 0xFFCDBB91, 
        0xFFCDBC93, 0xFFCEBD93, 0xFFCEBD94, 0xFFCFBE95, 0xFFCFBE96, 0xFFCFBF96, 0xFFD0C097, 0xFFD0BF98, 0xFFD1C098, 0xFFD1C199, 0xFFD2C19A, 0xFFD2C29A, 0xFFD2C29B, 0xFFD3C39C, 0xFFD3C39D, 0xFFD4C49D, 0xFFD4C59E, 0xFFD5C59F, 0xFFD5C59F, 0xFFD5C6A0, 
        0xFFD6C6A1, 0xFFD6C7A2, 0xFFD7C7A2, 0xFFD7C8A3, 0xFFD8C9A4, 0xFFD8C9A5, 0xFFD9CAA6, 0xFFD9CAA6, 0xFFD9CAA7, 0xFFDACBA7, 0xFFDACCA8, 0xFFDACCA8, 0xFFDBCCA9, 0xFFDBCDAA, 0xFFDCCDAB, 0xFFDCCEAC, 0xFFDDCEAD, 0xFFDDCFAD, 0xFFDDCFAE, 0xFFDED0AE, 
        0xFFDED0AF, 0xFFDFD1B0, 0xFFDFD1B0, 0xFFDFD2B1, 0xFFE0D2B2, 0xFFE0D3B2, 0xFFE1D3B3, 0xFFE1D4B4, 0xFFE1D4B4, 0xFFE2D5B5, 0xFFE2D5B6, 0xFFE3D6B6, 0xFFE3D6B7, 0xFFE3D7B8, 0xFFE4D7B9, 0xFFE4D7B9, 0xFFE4D8BA, 0xFFE5D8BA, 0xFFE5D9BB, 0xFFE6D9BC, 
        0xFFE6DABC, 0xFFE6DABD, 0xFFE6DABD, 0xFFE7DBBE, 0xFFE8DBBE, 0xFFE8DBBF, 0xFFE8DCC0, 0xFFE8DDC0, 0xFFE8DDC1, 0xFFE9DEC2, 0xFFE9DEC2, 0xFFEADEC3, 0xFFEADEC3, 0xFFEADFC4, 0xFFEBDFC4, 0xFFEBE0C4, 0xFFEBE0C5, 0xFFEBE0C6, 0xFFEBE1C6, 0xFFECE1C7, 
        0xFFECE1C7, 0xFFECE1C7, 0xFFECE1C7, 0xFFEDE2C8, 0xFFEDE2C8, 0xFFEDE2C8, 0xFFEDE2C9, 0xFFEDE2C8, 0xFFEDE3C9, 0xFFEEE3C9, 0xFFEEE3C9, 0xFFEEE3C9, 0xFFEEE3C9, 0xFFEEE3C9, 0xFFEEE3C9, 0xFFEEE3CA, 0xFFEEE3C9, 0xFFEEE3C9, 0xFFEEE3C9, 0xFFEDE3C9, 
        0xFFEDE2C9, 0xFFEDE2C8, 0xFFEDE2C8, 0xFFEDE2C8, 0xFFEDE2C8, 0xFFECE1C7, 0xFFECE1C7, 0xFFECE1C7, 0xFFECE1C6, 0xFFECE0C6, 0xFFEBE0C6, 0xFFEBE0C5, 0xFFEBE0C4, 0xFFEBDFC4, 0xFFEADFC4, 0xFFEADEC3, 0xFFEADEC3, 0xFFE9DEC2, 0xFFE9DEC2, 0xFFE9DDC1, 
        0xFFE9DDC0, 0xFFE8DCC0, 0xFFE8DCBF, 0xFFE7DBBF, 0xFFE7DBBE, 0xFFE7DABD, 0xFFE6DABD, 0xFFE6DABC, 0xFFE6DABC, 0xFFE5D9BB, 0xFFE5D9BA, 0xFFE5D8BA, 0xFFE4D7B9, 0xFFE4D7B8, 0xFFE3D7B8, 0xFFE3D6B7, 0xFFE3D6B6, 0xFFE2D5B6, 0xFFE2D5B6, 0xFFE1D4B5, 
        0xFFE1D4B4, 0xFFE1D4B3, 0xFFE0D3B3, 0xFFE0D2B2, 0xFFE0D2B1, 0xFFDFD1B0, 0xFFDFD1B0, 0xFFDED0AF, 0xFFDED0AE, 0xFFDDD0AE, 0xFFDDCFAD, 0xFFDDCFAC, 0xFFDCCEAC, 0xFFDCCDAB, 0xFFDCCDAB, 0xFFDBCCA9, 0xFFDBCCA9, 0xFFDACCA9, 0xFFDACBA7, 0xFFD9CAA7, 
        0xFFD9CAA6, 0xFFD9CAA5, 0xFFD8C9A5, 0xFFD8C8A4, 0xFFD7C8A3, 0xFFD7C7A2, 0xFFD6C7A2, 0xFFD6C6A1, 0xFFD5C6A0, 0xFFD5C5A0, 0xFFD5C59F, 0xFFD4C49F, 0xFFD4C49D, 0xFFD3C39D, 0xFFD3C39C, 0xFFD3C29B, 0xFFD2C29B, 0xFFD2C19A, 0xFFD1C199, 0xFFD1C099, 
        0xFFD0C098, 0xFFD0BF97, 0xFFD0BF96, 0xFFCFBE95, 0xFFCFBE95, 0xFFCEBD94, 0xFFCEBD93, 0xFFCEBD93, 0xFFCDBC92, 0xFFCDBB91, 0xFFCCBB91, 0xFFCCBA90, 0xFFCBBA8F, 0xFFCBB98F, 0xFFCAB98E, 0xFFCAB88D, 0xFFCAB78C, 0xFFC9B78C, 0xFFC9B68A, 0xFFC8B68A, 
        0xFFC8B689, 0xFFC7B589, 0xFFC7B587, 0xFFC7B487, 0xFFC6B487, 0xFF3B3628, 0xFF000000, 0xFF000000, 0xFF000000, 0xFF030302, 0xFF2D281E, 0xFF615840, 0xFF8B7C5B, 0xFFAB9A70, 0xFFC1AD7E, 0xFF3B3527, 0xFF000000, 0xFF584F39, 0xFFC0AC7C, 0xFFBFAB7B, 
        0xFFBFAB7B, 0xFFBFAA79, 0xFFBEAA79, 0xFFBEAA78, 0xFFBEA978, 0xFFBDA877, 0xFFBDA876, 0xFFBCA776, 0xFFBBA774, 0xFF63573D, 0xFF463E2B, 0xFFBAA572, 0xFFBAA572, 0xFFBAA471, 0xFFB9A471, 0xFFB8A36F, 0xFFB8A26F, 0xFFB8A26E, 0xFFB7A16D, 0xFFB7A16D, 
        0xFFB7A06C, 0xFFB6A06B, 0xFFB59F6A, 0xFFB59F69, 0xFFB59E68, 0xFFB49E68, 0xFFB49D67, 0xFFB39D67, 0xFFB39C65, 0xFFB29C65, 0xFFB29B64, 0xFFB19A63, 0xFFB19A63, 0xFFB19A62, 0xFFB09961, 0xFFB09861, 0xFFAF9860, 0xFFAF985F, 0xFFAE975E, 0xFFAE975E, 
        0xFFAE965D, 0xFFAD955C, 0xFFAD955B, 0xFFAC945B, 0xFFAC945A, 0xFFAB9359, 0xFF74643C, 0xFF423922, 0xFFA89055, 0xFFAA9156, 0xFFA99156, 0xFFA99054, 0xFFA89054, 0xFFA88F53, 0xFFA78E52, 0xFF4B4025, 0xFF000000, 0xFF6C5B34, 0xFFA68C4F, 0xFFA58C4F, 
        0xFFA58B4D, 0xFFA48B4D, 0xFFA48A4C, 0xFFA48A4C, 0xFFA3894B, 0xFF6D5C32, 0xFF000000, 0xFF4E4123, 0xFFA08647,
  0xFF9D8446, 0xFF3F341C, 0xFF000000, 0xFF846F3C, 0xFFA3894B, 0xFFA48A4C, 0xFFA48A4C, 0xFFA48B4D, 0xFFA58B4E, 0xFFA58C4F, 0xFF927B45, 0xFF000000, 0xFF4C4025, 0xFFA78E52, 0xFFA78E52, 0xFFA88F53, 0xFFA98F54, 0xFFA99054, 0xFFAA9156, 0xFFAA9156, 0xFF020201, 
        0xFF000000, 0xFF322B1A, 0xFFAB9258, 0xFFAC9459, 0xFFAC955B, 0xFFAD955B, 0xFFAD955C, 0xFFAE965D, 0xFFAE965E, 0xFFAE975E, 0xFFAF985F, 0xFFAF9860, 0xFFB09860, 0xFFB09961, 0xFFB19A62, 0xFFB19A63, 0xFFB29A63, 0xFFB29B64, 0xFFB39C65, 0xFFB39C66, 
        0xFFB49D67, 0xFFB49D67, 0xFFB49E68, 0xFFB59E68, 0xFFB59F69, 0xFFB69F6A, 0xFFB6A06B, 0xFFB6A06C, 0xFFB7A16C, 0xFFB7A16D, 0xFFB8A26E, 0xFFB8A36F, 0xFFAA9666, 0xFF3D3625, 0xFF000000, 0xFF000000, 0xFF0A0906, 0xFF97865D, 0xFFBBA674, 0xFFBBA674, 
        0xFFBCA875, 0xFFBCA876, 0xFFBDA877, 0xFFBEA978, 0xFFBEA978, 0xFFBEAA79, 0xFF726649, 0xFF000000, 0xFF383224, 0xFFC0AC7C, 0xFFC1AD7D, 0xFFC1AD7E, 0xFFC1AD7E, 0xFFC2AE7F, 0xFFB8A679, 0xFF000000, 0xFF242018, 0xFFB2A076, 0xFFC4B183, 0xFFC4B183, 
        0xFFC5B285, 0xFFC5B285, 0xFFC6B385, 0xFFC6B486, 0xFFC6B487, 0xFFC7B488, 0xFFC7B588, 0xFFC8B589, 0xFFC8B68A, 0xFFC9B68A, 0xFFC9B78B, 0xFFCAB78C, 0xFFCAB88D, 0xFFCBB98E, 0xFFCBB98E, 0xFFCBB98F, 0xFFCCBA90, 0xFFCCBB91, 0xFFCCBB91, 0xFFCDBB92, 
        0xFFCEBC93, 0xFFCEBD93, 0xFFCEBD94, 0xFFCFBE95, 0xFFCFBE96, 0xFFD0BF96, 0xFFD0BF97, 0xFFD1C098, 0xFFD1C098, 0xFFD1C199, 0xFFD2C19A, 0xFFD2C29B, 0xFFD3C29B, 0xFFD3C39C, 0xFFD3C39D, 0xFFD4C49E, 0xFFD5C49E, 0xFFD5C59F, 0xFFD5C5A0, 0xFFD5C6A0, 
        0xFFD6C7A1, 0xFFD7C7A2, 0xFFD7C7A2, 0xFFD7C8A4, 0xFFD8C8A4, 0xFFD8C9A5, 0xFFD9CAA6, 0xFFD9CAA6, 0xFFD9CAA7, 0xFFDACBA8, 0xFFDACCA8, 0xFFDACCA9, 0xFFDBCDAA, 0xFFDBCDAA, 0xFFDCCEAB, 0xFFDCCEAC, 0xFFDCCFAD, 0xFFDDCFAD, 0xFFDDD0AE, 0xFFDED0AF, 
        0xFFDFD0AF, 0xFFDFD1B0, 0xFFDFD1B1, 0xFFE0D2B2, 0xFFE0D2B2, 0xFFE0D3B3, 0xFFE1D4B4, 0xFFE1D4B4, 0xFFE1D4B4, 0xFFE2D5B6, 0xFFE3D5B6, 0xFFE3D6B7, 0xFFE3D6B7, 0xFFE4D7B8, 0xFFE4D7B9, 0xFFE4D8B9, 0xFFE5D8BA, 0xFFE5D9BB, 0xFFE5D9BB, 0xFFE6DABC, 
        0xFFE6DABC, 0xFFE6DBBD, 0xFFE7DABE, 0xFFE7DBBE, 0xFFE7DCBF, 0xFFE8DCBF, 0xFFE8DCC0, 0xFFE9DDC1, 0xFFE9DDC1, 0xFFE9DEC2, 0xFFEADEC2, 0xFFEADEC3, 0xFFEBDFC3, 0xFFEBDFC4, 0xFFEBE0C4, 0xFFEBE0C5, 0xFFECE0C5, 0xFFECE1C6, 0xFFECE1C6, 0xFFECE1C7, 
        0xFFECE2C7, 0xFFEDE2C7, 0xFFEDE2C8, 0xFFEDE2C8, 0xFFEDE2C9, 0xFFEEE3C9, 0xFFEDE3C9, 0xFFEEE3C9, 0xFFEEE3CA, 0xFFEEE3CA, 0xFFEEE3C9, 0xFFEEE3CA, 0xFFEEE3CA, 0xFFEEE3CA, 0xFFEEE3CA, 0xFFEEE4CA, 0xFFEEE3CA, 0xFFEEE3CA, 0xFFEEE3CA, 0xFFEEE3C9, 
        0xFFEEE3C9, 0xFFEDE3C9, 0xFFEDE3C9, 0xFFEDE2C9, 0xFFEDE2C8, 0xFFEDE2C8, 0xFFEDE2C8, 0xFFEDE2C7, 0xFFECE1C7, 0xFFECE1C6, 0xFFECE1C6, 0xFFECE1C5, 0xFFEBE0C5, 0xFFEBDFC5, 0xFFEBDFC4, 0xFFEBDFC4, 0xFFEADFC3, 0xFFEADEC3, 0xFFEADEC2, 0xFFE9DDC1, 
        0xFFE9DDC1, 0xFFE8DDC0, 0xFFE8DCC0, 0xFFE8DCBF, 0xFFE7DBBF, 0xFFE7DBBE, 0xFFE6DBBD, 0xFFE6DABD, 0xFFE6DABC, 0xFFE5D9BB, 0xFFE5D9BB, 0xFFE5D9BA, 0xFFE4D8B9, 0xFFE4D7B9, 0xFFE4D7B8, 0xFFE3D6B8, 0xFFE3D6B7, 0xFFE2D5B6, 0xFFE2D5B6, 0xFFE2D5B5, 
        0xFFE1D4B4, 0xFFE1D4B4, 0xFFE0D3B3, 0xFFE0D3B2, 0xFFE0D2B2, 0xFFDFD2B1, 0xFFDFD1B0, 0xFFDED1B0, 0xFFDED0AF, 0xFFDECFAE, 0xFFDDCFAD, 0xFFDDCFAD, 0xFFDCCEAC, 0xFFDCCEAB, 0xFFDCCDAB, 0xFFDBCCAA, 0xFFDACCA9, 0xFFDACCA9, 0xFFDACBA8, 0xFFDACAA7, 
        0xFFD9CAA6, 0xFFD9CAA6, 0xFFD8C9A4, 0xFFD8C9A4, 0xFFD8C8A4, 0xFFD7C8A2, 0xFFD6C7A2, 0xFFD6C7A2, 0xFFD6C6A0, 0xFFD5C6A0, 0xFFD5C59F, 0xFFD5C59E, 0xFFD4C49E, 0xFFD3C49D, 0xFFD3C39C, 0xFFD3C29B, 0xFFD2C29B, 0xFFD2C29A, 0xFFD1C199, 0xFFD1C199, 
        0xFFD1C098, 0xFFD0BF98, 0xFFD0BE96, 0xFFCFBE96, 0xFFCFBE95, 0xFFCEBD94, 0xFFCEBD93, 0xFFCEBC93, 0xFFCDBC92, 0xFFCCBB91, 0xFFCCBB90, 0xFFCCBA90, 0xFFCBBA8F, 0xFFCBB98F, 0xFFCBB98E, 0xFFCAB88D, 0xFFCAB78C, 0xFFC9B78B, 0xFFC9B78A, 0xFFC8B68A, 
        0xFFC8B689, 0xFFC8B588, 0xFFC7B488, 0xFFC7B487, 0xFFC6B386, 0xFF645A43, 0xFF000000, 0xFF2C271D, 0xFFA0916B, 0xFFC2AF81, 0xFFC4B082, 0xFFC3AF82, 0xFFC3AF80, 0xFFC2AF80, 0xFFC2AE7F, 0xFF60573F, 0xFF000000, 0xFF3D3728, 0xFFC0AC7C, 0xFFC0AB7C, 
        0xFFBFAB7B, 0xFFBFAA7A, 0xFFBFAA79, 0xFFBEAA78, 0xFFBEA978, 0xFFBDA877, 0xFFBCA876, 0xFFBCA876, 0xFFBCA775, 0xFF5D5239, 0xFF3C3625, 0xFFBAA572, 0xFFBAA572, 0xFFBAA471, 0xFFB9A470, 0xFFB9A36F, 0xFFB8A36F, 0xFFB8A26E, 0xFFB7A16D, 0xFFB7A16C, 
        0xFFB7A16C, 0xFFB69F6B, 0xFFB6A06A, 0xFFB59F6A, 0xFFB59E68, 0xFFB49E68, 0xFFB49E67, 0xFFB49D67, 0xFFB39C66, 0xFFB29C65, 0xFFB29B65, 0xFFB19B63, 0xFFB19A63, 0xFFB19A62, 0xFFB09961, 0xFFB09860, 0xFFAF9860, 0xFFAF9860, 0xFFAE975E, 0xFFAE975E, 
        0xFFAE965D, 0xFFAD955C, 0xFFAD955B, 0xFFAC955B, 0xFFAC945A, 0xFFAB9359, 0xFF6F5F39, 0xFF3C331F, 0xFFA89055, 0xFFAA9156, 0xFFA99155, 0xFFA99054, 0xFFA99054, 0xFFA88F53, 0xFFA78E52, 0xFF6A5A34, 0xFF000000, 0xFF5D4F2D, 0xFFA68C4F, 0xFFA58C4F, 
        0xFFA58B4E, 0xFFA48B4D, 0xFFA48A4C, 0xFFA48A4C, 0xFFA3894B, 0xFF846F3C, 0xFF000000, 0xFF40351C, 0xFF9D8446,
  0xFF9A8145, 0xFF2F2715, 0xFF000000, 0xFFA3884A, 0xFFA3894B, 0xFFA38A4C, 0xFFA48A4C, 0xFFA48B4D, 0xFFA58C4E, 0xFFA58C4F, 0xFF867140, 0xFF000000, 0xFF62532F, 0xFFA78E52, 0xFFA78E52, 0xFFA88F54, 0xFFA99054, 0xFFA99054, 0xFFA99156, 0xFFAA9156, 0xFF020201, 
        0xFF000000, 0xFF000000, 0xFF483D25, 0xFFAC945A, 0xFFAC945B, 0xFFAD955C, 0xFFAD955C, 0xFFAE965D, 0xFFAE965E, 0xFFAE975E, 0xFFAF985F, 0xFFAF9860, 0xFFB09961, 0xFFB09961, 0xFFB19A62, 0xFFB19A62, 0xFFB19A63, 0xFFB29B65, 0xFFB29C65, 0xFFB39C66, 
        0xFFB39D67, 0xFFB49D67, 0xFFB49E68, 0xFFB59E69, 0xFFB59F6A, 0xFFB59F6A, 0xFFB6A06B, 0xFFB7A06C, 0xFFB7A16D, 0xFFB7A26D, 0xFFB8A26E, 0xFF8E7D55, 0xFF292419, 0xFF000000, 0xFF000000, 0xFF000000, 0xFF0A0906, 0xFF97865D, 0xFFBBA774, 0xFFBCA774, 
        0xFFBCA776, 0xFFBDA876, 0xFFBDA877, 0xFFBEA977, 0xFFBEA978, 0xFFBCA878, 0xFF5B513A, 0xFF000000, 0xFF5F553D, 0xFFC0AC7C, 0xFFC1AD7D, 0xFFC1AD7E, 0xFFC1AE7E, 0xFFC2AE7F, 0xFF928460, 0xFF000000, 0xFF3A3526, 0xFFBCA97C, 0xFFC4B083, 0xFFC4B183, 
        0xFFC5B284, 0xFFC5B285, 0xFFC6B386, 0xFFC6B387, 0xFFC7B487, 0xFFC7B588, 0xFFC7B588, 0xFFC8B589, 0xFFC8B68A, 0xFFC9B78B, 0xFFC9B78C, 0xFFCAB88C, 0xFFCAB88D, 0xFFCBB98E, 0xFFCBB98E, 0xFFCBBA8F, 0xFFCBBA90, 0xFFCCBB91, 0xFFCDBB91, 0xFFCDBC92, 
        0xFFCEBC93, 0xFFCEBD93, 0xFFCFBD94, 0xFFCFBE95, 0xFFCFBE96, 0xFFD0BF96, 0xFFD0BF97, 0xFFD0C098, 0xFFD1C199, 0xFFD1C199, 0xFFD2C29A, 0xFFD3C29B, 0xFFD3C29B, 0xFFD3C39C, 0xFFD4C49D, 0xFFD4C49E, 0xFFD5C59F, 0xFFD5C59F, 0xFFD5C6A0, 0xFFD5C6A0, 
        0xFFD6C7A2, 0xFFD7C7A2, 0xFFD7C8A3, 0xFFD8C8A4, 0xFFD8C9A4, 0xFFD8C9A5, 0xFFD9CAA6, 0xFFD9CAA6, 0xFFDACBA7, 0xFFDACBA8, 0xFFDBCCA9, 0xFFDBCCA9, 0xFFDBCDAA, 0xFFDCCDAB, 0xFFDCCEAB, 0xFFDCCEAC, 0xFFDDCFAD, 0xFFDDD0AE, 0xFFDED0AE, 0xFFDED0AF, 
        0xFFDED1AF, 0xFFDFD1B0, 0xFFDFD2B1, 0xFFE0D2B2, 0xFFE0D3B3, 0xFFE0D3B3, 0xFFE1D4B4, 0xFFE1D4B4, 0xFFE2D5B5, 0xFFE3D5B6, 0xFFE2D6B7, 0xFFE3D6B7, 0xFFE4